# JRE version: OpenJDK Runtime Environment (11.0.13) (build 11.0.13+0-b1751.21-8125866)
# Java VM: OpenJDK 64-Bit Server VM (11.0.13+0-b1751.21-8125866, mixed mode, tiered, compressed oops, g1 gc, windows-amd64)
Heap:
 garbage-first heap   total 260096K, used 68980K [0x0000000080000000, 0x0000000100000000)
  region size 1024K, 39 young (39936K), 18 survivors (18432K)
 Metaspace       used 58419K, capacity 59918K, committed 60240K, reserved 1101824K
  class space    used 7360K, capacity 7950K, committed 8064K, reserved 1048576K
GC Heap History (12 events):
Event: 0.507 GC heap before
{Heap before GC invocations=0 (full 0):
 garbage-first heap   total 260096K, used 29696K [0x0000000080000000, 0x0000000100000000)
  region size 1024K, 24 young (24576K), 0 survivors (0K)
 Metaspace       used 10163K, capacity 10387K, committed 10624K, reserved 1058816K
  class space    used 1045K, capacity 1106K, committed 1152K, reserved 1048576K
}
Event: 0.510 GC heap after
{Heap after GC invocations=1 (full 0):
 garbage-first heap   total 260096K, used 9639K [0x0000000080000000, 0x0000000100000000)
  region size 1024K, 3 young (3072K), 3 survivors (3072K)
 Metaspace       used 10163K, capacity 10387K, committed 10624K, reserved 1058816K
  class space    used 1045K, capacity 1106K, committed 1152K, reserved 1048576K
}
Event: 1.990 GC heap before
{Heap before GC invocations=1 (full 0):
 garbage-first heap   total 260096K, used 114087K [0x0000000080000000, 0x0000000100000000)
  region size 1024K, 106 young (108544K), 3 survivors (3072K)
 Metaspace       used 20773K, capacity 21185K, committed 21296K, reserved 1069056K
  class space    used 2528K, capacity 2688K, committed 2688K, reserved 1048576K
}
Event: 2.000 GC heap after
{Heap after GC invocations=2 (full 0):
 garbage-first heap   total 260096K, used 16951K [0x0000000080000000, 0x0000000100000000)
  region size 1024K, 11 young (11264K), 11 survivors (11264K)
 Metaspace       used 20773K, capacity 21185K, committed 21296K, reserved 1069056K
  class space    used 2528K, capacity 2688K, committed 2688K, reserved 1048576K
}
Event: 2.622 GC heap before
{Heap before GC invocations=3 (full 0):
 garbage-first heap   total 260096K, used 86583K [0x0000000080000000, 0x0000000100000000)
  region size 1024K, 79 young (80896K), 11 survivors (11264K)
 Metaspace       used 27494K, capacity 28165K, committed 28416K, reserved 1073152K
  class space    used 3581K, capacity 3812K, committed 3840K, reserved 1048576K
}
Event: 2.629 GC heap after
{Heap after GC invocations=4 (full 0):
 garbage-first heap   total 260096K, used 19645K [0x0000000080000000, 0x0000000100000000)
  region size 1024K, 3 young (3072K), 3 survivors (3072K)
 Metaspace       used 27494K, capacity 28165K, committed 28416K, reserved 1073152K
  class space    used 3581K, capacity 3812K, committed 3840K, reserved 1048576K
}
Event: 3.177 GC heap before
{Heap before GC invocations=4 (full 0):
 garbage-first heap   total 260096K, used 66749K [0x0000000080000000, 0x0000000100000000)
  region size 1024K, 50 young (51200K), 3 survivors (3072K)
 Metaspace       used 35265K, capacity 35977K, committed 36048K, reserved 1081344K
  class space    used 4511K, capacity 4822K, committed 4864K, reserved 1048576K
}
Event: 3.183 GC heap after
{Heap after GC invocations=5 (full 0):
 garbage-first heap   total 260096K, used 22679K [0x0000000080000000, 0x0000000100000000)
  region size 1024K, 6 young (6144K), 6 survivors (6144K)
 Metaspace       used 35265K, capacity 35977K, committed 36048K, reserved 1081344K
  class space    used 4511K, capacity 4822K, committed 4864K, reserved 1048576K
}
Event: 4.515 GC heap before
{Heap before GC invocations=6 (full 0):
 garbage-first heap   total 260096K, used 152727K [0x0000000080000000, 0x0000000100000000)
  region size 1024K, 130 young (133120K), 6 survivors (6144K)
 Metaspace       used 45771K, capacity 46802K, committed 46928K, reserved 1089536K
  class space    used 5793K, capacity 6178K, committed 6272K, reserved 1048576K
}
Event: 4.528 GC heap after
{Heap after GC invocations=7 (full 0):
 garbage-first heap   total 260096K, used 29566K [0x0000000080000000, 0x0000000100000000)
  region size 1024K, 13 young (13312K), 13 survivors (13312K)
 Metaspace       used 45771K, capacity 46802K, committed 46928K, reserved 1089536K
  class space    used 5793K, capacity 6178K, committed 6272K, reserved 1048576K
}
Event: 5.944 GC heap before
{Heap before GC invocations=7 (full 0):
 garbage-first heap   total 260096K, used 173950K [0x0000000080000000, 0x0000000100000000)
  region size 1024K, 146 young (149504K), 13 survivors (13312K)
 Metaspace       used 55396K, capacity 56826K, committed 56912K, reserved 1099776K
  class space    used 6979K, capacity 7519K, committed 7552K, reserved 1048576K
}
Event: 5.958 GC heap after
{Heap after GC invocations=8 (full 0):
 garbage-first heap   total 260096K, used 48500K [0x0000000080000000, 0x0000000100000000)
  region size 1024K, 18 young (18432K), 18 survivors (18432K)
 Metaspace       used 55396K, capacity 56826K, committed 56912K, reserved 1099776K
  class space    used 6979K, capacity 7519K, committed 7552K, reserved 1048576K
}

